c:\users\bth\desktop\assignment1\assignment1\debug\vc141.pdb
c:\users\bth\desktop\assignment1\assignment1\debug\vc141.idb
c:\users\bth\desktop\assignment1\assignment1\debug\main.obj
c:\users\bth\desktop\assignment1\assignment1\debug\comlib.obj
c:\users\bth\desktop\assignment1\debug\assignment1.exe
c:\users\bth\desktop\assignment1\debug\assignment1.ilk
c:\users\bth\desktop\assignment1\debug\assignment1.pdb
c:\users\administratör\desktop\assignment1\assignment1\debug\comlib.obj
c:\users\administratör\desktop\assignment1\assignment1\debug\main.obj
c:\users\administratör\desktop\assignment1\assignment1\debug\vc141.idb
c:\users\administratör\desktop\assignment1\assignment1\debug\vc141.pdb
c:\users\administratör\desktop\assignment1\debug\assignment1.pdb
c:\users\administratör\desktop\assignment1\debug\assignment1.exe
c:\users\administratör\desktop\assignment1\debug\assignment1.ilk
c:\users\administratör\desktop\assignment1\assignment1\debug\assignment1.tlog\cl.command.1.tlog
c:\users\administratör\desktop\assignment1\assignment1\debug\assignment1.tlog\cl.read.1.tlog
c:\users\administratör\desktop\assignment1\assignment1\debug\assignment1.tlog\cl.write.1.tlog
c:\users\administratör\desktop\assignment1\assignment1\debug\assignment1.tlog\link.command.1.tlog
c:\users\administratör\desktop\assignment1\assignment1\debug\assignment1.tlog\link.read.1.tlog
c:\users\administratör\desktop\assignment1\assignment1\debug\assignment1.tlog\link.write.1.tlog
